This file contains any messages produced by compilers while
running configure, to aid debugging if configure makes a mistake.

It was created by gnome-mime-data configure 2.18.0, which was
generated by GNU Autoconf 2.61.  Invocation command line was

  $ ./configure 

## --------- ##
## Platform. ##
## --------- ##

hostname = blackiii
uname -m = arm
uname -r = 3.2.0-25-generic
uname -s = Linux
uname -v = #40-Ubuntu SMP Wed May 23 20:30:51 UTC 2012

/usr/bin/uname -p = unknown
/bin/uname -X     = unknown

/bin/arch              = arm
/usr/bin/arch -k       = arm
/usr/convex/getsysinfo = unknown
/usr/bin/hostinfo      = unknown
/bin/machine           = unknown
/usr/bin/oslevel       = unknown
/bin/universe          = unknown

PATH: /host_usr/bin
PATH: /scratchbox/devkits/hashutils-squeeze-sdk/bin
PATH: /scratchbox/devkits/debian-squeeze/bin
PATH: /scratchbox/devkits/perl/bin
PATH: /scratchbox/devkits/qemu/bin
PATH: /scratchbox/tools/bin
PATH: /targets/links/arch_tools/bin
PATH: /scratchbox/compilers/bin
PATH: /bin
PATH: /usr/bin
PATH: /usr/local/bin
PATH: /usr/X11R6/bin
PATH: /sbin
PATH: /usr/sbin


## ----------- ##
## Core tests. ##
## ----------- ##

configure:1836: checking for a BSD-compatible install
configure:1892: result: /scratchbox/tools/bin/install -c
configure:1903: checking whether build environment is sane
configure:1946: result: yes
configure:1974: checking for a thread-safe mkdir -p
configure:2013: result: /scratchbox/tools/bin/mkdir -p
configure:2026: checking for gawk
configure:2042: found /scratchbox/tools/bin/gawk
configure:2053: result: gawk
configure:2064: checking whether make sets $(MAKE)
configure:2085: result: yes
configure:2275: checking whether to enable maintainer-specific portions of Makefiles
configure:2284: result: no
configure:2375: checking for perl
configure:2393: found /scratchbox/tools/bin/perl
configure:2405: result: /scratchbox/tools/bin/perl
configure:2424: checking for XML::Parser
configure:2427: result: ok
configure:2438: checking for iconv
configure:2456: found /usr/bin/iconv
configure:2469: result: /usr/bin/iconv
configure:2479: checking for msgfmt
configure:2497: found /usr/bin/msgfmt
configure:2510: result: /usr/bin/msgfmt
configure:2520: checking for msgmerge
configure:2538: found /usr/bin/msgmerge
configure:2551: result: /usr/bin/msgmerge
configure:2561: checking for xgettext
configure:2579: found /usr/bin/xgettext
configure:2592: result: /usr/bin/xgettext
configure:2627: checking for style of include used by make
configure:2655: result: GNU
configure:2725: checking for gcc
configure:2741: found /scratchbox/compilers/bin/gcc
configure:2752: result: gcc
configure:2990: checking for C compiler version
configure:2997: gcc --version >&5
sbox-arm-none-linux-gnueabi-gcc ('cs2009q3-hard-67-sb16') 4.4.1
Copyright (C) 2009 Free Software Foundation, Inc.
This is free software; see the source for copying conditions.  There is NO
warranty; not even for MERCHANTABILITY or FITNESS FOR A PARTICULAR PURPOSE.

configure:3000: $? = 0
configure:3007: gcc -v >&5
Using built-in specs.
Reading specs from /scratchbox/compilers/cs2009q3-eglibc2.10-armv7-hard/gcc.specs
rename spec cpp to old_cpp
rename spec cc1 to old_cc1
rename spec link to old_link
rename spec mflib to old_mflib
Target: arm-none-linux-gnueabi
Configured with: /home/jhakala/cs2009q3-sb16/arm-hard/src/gcc-4.4/configure --build=i686-pc-linux-gnu --host=i686-pc-linux-gnu --target=arm-none-linux-gnueabi --enable-threads --disable-libmudflap --disable-libssp --disable-libstdcxx-pch --with-arch=armv7-a --with-float=hard --with-fpu=neon --with-gnu-as --with-gnu-ld --with-specs='%{funwind-tables|fno-unwind-tables|mabi=*|ffreestanding|nostdlib:;:-funwind-tables} %{O2:%{!fno-remove-local-statics: -fremove-local-statics}} %{O*:%{O|O0|O1|O2|Os:;:%{!fno-remove-local-statics: -fremove-local-statics}}}' --enable-languages=c,c++ --enable-shared --disable-lto --enable-symvers=gnu --enable-__cxa_atexit --with-pkgversion=''\''cs2009q3-hard-67-sb16'\''' --with-bugurl=''\''https://bugs.maemo.org/'\''' --disable-nls --prefix=/opt/cs2009q3-hard-67-sb16 --with-sysroot=/opt/cs2009q3-hard-67-sb16/arm-none-linux-gnueabi/libc --with-build-sysroot=/home/jhakala/cs2009q3-sb16/arm-hard/build/install/arm-none-linux-gnueabi/libc --with-gmp=/home/jhakala/cs2009q3-sb16/arm-hard/build/obj/host-libs-cs2009q3-eglibc2.10-armv7-hard-arm-none-linux-gnueabi-i686-pc-linux-gnu/usr --with-mpfr=/home/jhakala/cs2009q3-sb16/arm-hard/build/obj/host-libs-cs2009q3-eglibc2.10-armv7-hard-arm-none-linux-gnueabi-i686-pc-linux-gnu/usr --with-ppl=/home/jhakala/cs2009q3-sb16/arm-hard/build/obj/host-libs-cs2009q3-eglibc2.10-armv7-hard-arm-none-linux-gnueabi-i686-pc-linux-gnu/usr --with-host-libstdcxx='-static-libgcc -Wl,-Bstatic,-lstdc++,-Bdynamic -lm' --with-cloog=/home/jhakala/cs2009q3-sb16/arm-hard/build/obj/host-libs-cs2009q3-eglibc2.10-armv7-hard-arm-none-linux-gnueabi-i686-pc-linux-gnu/usr --disable-libgomp --with-build-time-tools=/home/jhakala/cs2009q3-sb16/arm-hard/build/install/arm-none-linux-gnueabi/bin --enable-clocale=gnu
Thread model: posix
gcc version 4.4.1 ('cs2009q3-hard-67-sb16') 
configure:3010: $? = 0
configure:3017: gcc -V >&5
sbox-arm-none-linux-gnueabi-gcc: '-V' must come at the start of the command line
configure:3020: $? = 1
configure:3043: checking for C compiler default output file name
configure:3070: gcc    conftest.c  >&5
configure:3073: $? = 0
configure:3111: result: a.out
configure:3128: checking whether the C compiler works
configure:3138: ./a.out
configure:3141: $? = 0
configure:3158: result: yes
configure:3165: checking whether we are cross compiling
configure:3167: result: no
configure:3170: checking for suffix of executables
configure:3177: gcc -o conftest    conftest.c  >&5
configure:3180: $? = 0
configure:3204: result: 
configure:3210: checking for suffix of object files
configure:3236: gcc -c   conftest.c >&5
configure:3239: $? = 0
configure:3262: result: o
configure:3266: checking whether we are using the GNU C compiler
configure:3295: gcc -c   conftest.c >&5
configure:3301: $? = 0
configure:3318: result: yes
configure:3323: checking whether gcc accepts -g
configure:3353: gcc -c -g  conftest.c >&5
configure:3359: $? = 0
configure:3458: result: yes
configure:3475: checking for gcc option to accept ISO C89
configure:3549: gcc  -c -g -O2  conftest.c >&5
configure:3555: $? = 0
configure:3578: result: none needed
configure:3598: checking dependency style of gcc
configure:3689: result: none
configure:3710: checking how to run the C preprocessor
configure:3750: gcc -E  conftest.c
configure:3756: $? = 0
configure:3787: gcc -E  conftest.c
conftest.c:10: fatal error: ac_nonexistent.h: No such file or directory
compilation terminated.
configure:3793: $? = 1
configure: failed program was:
| /* confdefs.h.  */
| #define PACKAGE_NAME "gnome-mime-data"
| #define PACKAGE_TARNAME "gnome-mime-data"
| #define PACKAGE_VERSION "2.18.0"
| #define PACKAGE_STRING "gnome-mime-data 2.18.0"
| #define PACKAGE_BUGREPORT "http://bugzilla.gnome.org/enter_bug.cgi?product=gnome-mime-data"
| #define PACKAGE "gnome-mime-data"
| #define VERSION "2.18.0"
| /* end confdefs.h.  */
| #include <ac_nonexistent.h>
configure:3826: result: gcc -E
configure:3855: gcc -E  conftest.c
configure:3861: $? = 0
configure:3892: gcc -E  conftest.c
conftest.c:10: fatal error: ac_nonexistent.h: No such file or directory
compilation terminated.
configure:3898: $? = 1
configure: failed program was:
| /* confdefs.h.  */
| #define PACKAGE_NAME "gnome-mime-data"
| #define PACKAGE_TARNAME "gnome-mime-data"
| #define PACKAGE_VERSION "2.18.0"
| #define PACKAGE_STRING "gnome-mime-data 2.18.0"
| #define PACKAGE_BUGREPORT "http://bugzilla.gnome.org/enter_bug.cgi?product=gnome-mime-data"
| #define PACKAGE "gnome-mime-data"
| #define VERSION "2.18.0"
| /* end confdefs.h.  */
| #include <ac_nonexistent.h>
configure:3936: checking for grep that handles long lines and -e
configure:4010: result: /scratchbox/tools/bin/grep
configure:4015: checking for egrep
configure:4093: result: /scratchbox/tools/bin/grep -E
configure:4098: checking for ANSI C header files
configure:4128: gcc -c -g -O2  conftest.c >&5
configure:4134: $? = 0
configure:4233: gcc -o conftest -g -O2   conftest.c  >&5
configure:4236: $? = 0
configure:4242: ./conftest
configure:4245: $? = 0
configure:4262: result: yes
configure:4286: checking for sys/types.h
configure:4307: gcc -c -g -O2  conftest.c >&5
configure:4313: $? = 0
configure:4329: result: yes
configure:4286: checking for sys/stat.h
configure:4307: gcc -c -g -O2  conftest.c >&5
configure:4313: $? = 0
configure:4329: result: yes
configure:4286: checking for stdlib.h
configure:4307: gcc -c -g -O2  conftest.c >&5
configure:4313: $? = 0
configure:4329: result: yes
configure:4286: checking for string.h
configure:4307: gcc -c -g -O2  conftest.c >&5
configure:4313: $? = 0
configure:4329: result: yes
configure:4286: checking for memory.h
configure:4307: gcc -c -g -O2  conftest.c >&5
configure:4313: $? = 0
configure:4329: result: yes
configure:4286: checking for strings.h
configure:4307: gcc -c -g -O2  conftest.c >&5
configure:4313: $? = 0
configure:4329: result: yes
configure:4286: checking for inttypes.h
configure:4307: gcc -c -g -O2  conftest.c >&5
configure:4313: $? = 0
configure:4329: result: yes
configure:4286: checking for stdint.h
configure:4307: gcc -c -g -O2  conftest.c >&5
configure:4313: $? = 0
configure:4329: result: yes
configure:4286: checking for unistd.h
configure:4307: gcc -c -g -O2  conftest.c >&5
configure:4313: $? = 0
configure:4329: result: yes
configure:4347: checking build system type
configure:4365: result: arm-unknown-linux-gnu
configure:4387: checking host system type
configure:4402: result: arm-unknown-linux-gnu
configure:4440: checking locale.h usability
configure:4457: gcc -c -g -O2  conftest.c >&5
configure:4463: $? = 0
configure:4477: result: yes
configure:4481: checking locale.h presence
configure:4496: gcc -E  conftest.c
configure:4502: $? = 0
configure:4516: result: yes
configure:4549: checking for locale.h
configure:4557: result: yes
configure:4571: checking for LC_MESSAGES
configure:4597: gcc -o conftest -g -O2   conftest.c  >&5
configure:4603: $? = 0
configure:4620: result: yes
configure:4649: checking libintl.h usability
configure:4666: gcc -c -g -O2  conftest.c >&5
configure:4672: $? = 0
configure:4686: result: yes
configure:4690: checking libintl.h presence
configure:4705: gcc -E  conftest.c
configure:4711: $? = 0
configure:4725: result: yes
configure:4758: checking for libintl.h
configure:4765: result: yes
configure:4776: checking for ngettext in libc
configure:4804: gcc -o conftest -g -O2   conftest.c  >&5
configure:4810: $? = 0
configure:4828: result: yes
configure:4832: checking for dgettext in libc
configure:4860: gcc -o conftest -g -O2   conftest.c  >&5
configure:4866: $? = 0
configure:4884: result: yes
configure:4893: checking for bind_textdomain_codeset
configure:4949: gcc -o conftest -g -O2   conftest.c  >&5
configure:4955: $? = 0
configure:4973: result: yes
configure:5460: checking for msgfmt
configure:5487: result: /usr/bin/msgfmt
configure:5500: checking for dcgettext
configure:5556: gcc -o conftest -g -O2   conftest.c   >&5
conftest.c:47: warning: conflicting types for built-in function 'dcgettext'
configure:5562: $? = 0
configure:5580: result: yes
configure:5592: checking for gmsgfmt
configure:5623: result: /usr/bin/msgfmt
configure:5633: checking for xgettext
configure:5660: result: /usr/bin/xgettext
configure:5689: gcc -o conftest -g -O2   conftest.c   >&5
configure:5695: $? = 0
configure:5864: checking for catalogs to be installed
configure:5889: result:  af am ar az be bg bn bs ca cs cy da de el en_CA en_GB eo es et eu fa fi fr ga gl gu he hi hr hu id is it ja ko li lt lv mk ml mn ms nb ne nl nn nso pa pl pt pt_BR ro ru rw sk sl sq sr sr@ije sr@Latn sv ta th tk tr uk vi wa xh yi zh_CN zh_TW zu
configure:6050: creating ./config.status

## ---------------------- ##
## Running config.status. ##
## ---------------------- ##

This file was extended by gnome-mime-data config.status 2.18.0, which was
generated by GNU Autoconf 2.61.  Invocation command line was

  CONFIG_FILES    = 
  CONFIG_HEADERS  = 
  CONFIG_LINKS    = 
  CONFIG_COMMANDS = 
  $ ./config.status 

on blackiii

config.status:708: creating Makefile
config.status:708: creating gnome-mime-data.spec
config.status:708: creating gnome-mime-data-zip
config.status:708: creating man/Makefile
config.status:708: creating man/gnome-vfs-mime.5
config.status:848: WARNING:  man/gnome-vfs-mime.5.in seems to ignore the --datarootdir setting
config.status:708: creating po/Makefile.in
config.status:708: creating gnome-mime-data-2.0.pc
config.status:708: creating config.h
config.status:986: executing intltool commands
config.status:986: executing depfiles commands
config.status:986: executing default-1 commands
config.status:986: executing po/stamp-it commands

## ---------------- ##
## Cache variables. ##
## ---------------- ##

ac_cv_build=arm-unknown-linux-gnu
ac_cv_c_compiler_gnu=yes
ac_cv_env_CC_set=
ac_cv_env_CC_value=
ac_cv_env_CFLAGS_set=
ac_cv_env_CFLAGS_value=
ac_cv_env_CPPFLAGS_set=
ac_cv_env_CPPFLAGS_value=
ac_cv_env_CPP_set=
ac_cv_env_CPP_value=
ac_cv_env_LDFLAGS_set=
ac_cv_env_LDFLAGS_value=
ac_cv_env_LIBS_set=
ac_cv_env_LIBS_value=
ac_cv_env_build_alias_set=
ac_cv_env_build_alias_value=
ac_cv_env_host_alias_set=
ac_cv_env_host_alias_value=
ac_cv_env_target_alias_set=
ac_cv_env_target_alias_value=
ac_cv_func_bind_textdomain_codeset=yes
ac_cv_func_dcgettext=yes
ac_cv_header_inttypes_h=yes
ac_cv_header_libintl_h=yes
ac_cv_header_locale_h=yes
ac_cv_header_memory_h=yes
ac_cv_header_stdc=yes
ac_cv_header_stdint_h=yes
ac_cv_header_stdlib_h=yes
ac_cv_header_string_h=yes
ac_cv_header_strings_h=yes
ac_cv_header_sys_stat_h=yes
ac_cv_header_sys_types_h=yes
ac_cv_header_unistd_h=yes
ac_cv_host=arm-unknown-linux-gnu
ac_cv_objext=o
ac_cv_path_EGREP='/scratchbox/tools/bin/grep -E'
ac_cv_path_GMSGFMT=/usr/bin/msgfmt
ac_cv_path_GREP=/scratchbox/tools/bin/grep
ac_cv_path_INTLTOOL_ICONV=/usr/bin/iconv
ac_cv_path_INTLTOOL_MSGFMT=/usr/bin/msgfmt
ac_cv_path_INTLTOOL_MSGMERGE=/usr/bin/msgmerge
ac_cv_path_INTLTOOL_PERL=/scratchbox/tools/bin/perl
ac_cv_path_INTLTOOL_XGETTEXT=/usr/bin/xgettext
ac_cv_path_MSGFMT=/usr/bin/msgfmt
ac_cv_path_XGETTEXT=/usr/bin/xgettext
ac_cv_path_install='/scratchbox/tools/bin/install -c'
ac_cv_path_mkdir=/scratchbox/tools/bin/mkdir
ac_cv_prog_AWK=gawk
ac_cv_prog_CPP='gcc -E'
ac_cv_prog_ac_ct_CC=gcc
ac_cv_prog_cc_c89=
ac_cv_prog_cc_g=yes
ac_cv_prog_make_make_set=yes
am_cv_CC_dependencies_compiler_type=none
am_cv_val_LC_MESSAGES=yes
gt_cv_func_dgettext_libc=yes
gt_cv_func_dgettext_libintl=no
gt_cv_func_ngettext_libc=yes
gt_cv_have_gettext=yes

## ----------------- ##
## Output variables. ##
## ----------------- ##

ACLOCAL='${SHELL} /home/qwazix/cordia/gnome-mime-data-2.18.0/missing --run aclocal-1.10'
ACLOCAL_AMFLAGS='${ACLOCAL_FLAGS}'
ALL_LINGUAS='af am ar az be bg bn bs ca cs cy da de el en_CA en_GB eo es et eu fa fi fr ga gl gu he hi hr hu id is it ja ko li lt lv mk ml mn ms nb ne nl nn nso pa pl pt pt_BR ro ru rw sk sl sq sr sr@ije sr@Latn sv ta th tk tr uk vi wa xh yi zh_CN zh_TW zu'
AMDEPBACKSLASH='\'
AMDEP_FALSE='#'
AMDEP_TRUE=''
AMTAR='${SHELL} /home/qwazix/cordia/gnome-mime-data-2.18.0/missing --run tar'
AUTOCONF='${SHELL} /home/qwazix/cordia/gnome-mime-data-2.18.0/missing --run autoconf'
AUTOHEADER='${SHELL} /home/qwazix/cordia/gnome-mime-data-2.18.0/missing --run autoheader'
AUTOMAKE='${SHELL} /home/qwazix/cordia/gnome-mime-data-2.18.0/missing --run automake-1.10'
AWK='gawk'
CATALOGS=' af.gmo am.gmo ar.gmo az.gmo be.gmo bg.gmo bn.gmo bs.gmo ca.gmo cs.gmo cy.gmo da.gmo de.gmo el.gmo en_CA.gmo en_GB.gmo eo.gmo es.gmo et.gmo eu.gmo fa.gmo fi.gmo fr.gmo ga.gmo gl.gmo gu.gmo he.gmo hi.gmo hr.gmo hu.gmo id.gmo is.gmo it.gmo ja.gmo ko.gmo li.gmo lt.gmo lv.gmo mk.gmo ml.gmo mn.gmo ms.gmo nb.gmo ne.gmo nl.gmo nn.gmo nso.gmo pa.gmo pl.gmo pt.gmo pt_BR.gmo ro.gmo ru.gmo rw.gmo sk.gmo sl.gmo sq.gmo sr.gmo sr@ije.gmo sr@Latn.gmo sv.gmo ta.gmo th.gmo tk.gmo tr.gmo uk.gmo vi.gmo wa.gmo xh.gmo yi.gmo zh_CN.gmo zh_TW.gmo zu.gmo'
CATOBJEXT='.gmo'
CC='gcc'
CCDEPMODE='depmode=none'
CFLAGS='-g -O2'
CPP='gcc -E'
CPPFLAGS=''
CYGPATH_W='echo'
DATADIRNAME='share'
DEFS='-DHAVE_CONFIG_H'
DEPDIR='.deps'
ECHO_C=''
ECHO_N='-n'
ECHO_T=''
EGREP='/scratchbox/tools/bin/grep -E'
EXEEXT=''
GETTEXT_PACKAGE='gnome-mime-data'
GMOFILES=' af.gmo am.gmo ar.gmo az.gmo be.gmo bg.gmo bn.gmo bs.gmo ca.gmo cs.gmo cy.gmo da.gmo de.gmo el.gmo en_CA.gmo en_GB.gmo eo.gmo es.gmo et.gmo eu.gmo fa.gmo fi.gmo fr.gmo ga.gmo gl.gmo gu.gmo he.gmo hi.gmo hr.gmo hu.gmo id.gmo is.gmo it.gmo ja.gmo ko.gmo li.gmo lt.gmo lv.gmo mk.gmo ml.gmo mn.gmo ms.gmo nb.gmo ne.gmo nl.gmo nn.gmo nso.gmo pa.gmo pl.gmo pt.gmo pt_BR.gmo ro.gmo ru.gmo rw.gmo sk.gmo sl.gmo sq.gmo sr.gmo sr@ije.gmo sr@Latn.gmo sv.gmo ta.gmo th.gmo tk.gmo tr.gmo uk.gmo vi.gmo wa.gmo xh.gmo yi.gmo zh_CN.gmo zh_TW.gmo zu.gmo'
GMSGFMT='/usr/bin/msgfmt'
GREP='/scratchbox/tools/bin/grep'
INSTALL_DATA='${INSTALL} -m 644'
INSTALL_PROGRAM='${INSTALL}'
INSTALL_SCRIPT='${INSTALL}'
INSTALL_STRIP_PROGRAM='$(install_sh) -c -s'
INSTOBJEXT='.mo'
INTLLIBS=''
INTLTOOL_CAVES_RULE='%.caves:     %.caves.in     $(INTLTOOL_MERGE) $(wildcard $(top_srcdir)/po/*.po) ; LC_ALL=C $(INTLTOOL_MERGE) -d -u -c $(top_builddir)/po/.intltool-merge-cache $(top_srcdir)/po $< $@'
INTLTOOL_DESKTOP_RULE='%.desktop:   %.desktop.in   $(INTLTOOL_MERGE) $(wildcard $(top_srcdir)/po/*.po) ; LC_ALL=C $(INTLTOOL_MERGE) -d -u -c $(top_builddir)/po/.intltool-merge-cache $(top_srcdir)/po $< $@'
INTLTOOL_DIRECTORY_RULE='%.directory: %.directory.in $(INTLTOOL_MERGE) $(wildcard $(top_srcdir)/po/*.po) ; LC_ALL=C $(INTLTOOL_MERGE) -d -u -c $(top_builddir)/po/.intltool-merge-cache $(top_srcdir)/po $< $@'
INTLTOOL_EXTRACT='$(top_builddir)/intltool-extract'
INTLTOOL_ICONV='/usr/bin/iconv'
INTLTOOL_KBD_RULE='%.kbd:       %.kbd.in       $(INTLTOOL_MERGE) $(wildcard $(top_srcdir)/po/*.po) ; LC_ALL=C $(INTLTOOL_MERGE) -x -u -m -c $(top_builddir)/po/.intltool-merge-cache $(top_srcdir)/po $< $@'
INTLTOOL_KEYS_RULE='%.keys:      %.keys.in      $(INTLTOOL_MERGE) $(wildcard $(top_srcdir)/po/*.po) ; LC_ALL=C $(INTLTOOL_MERGE) -k -u -c $(top_builddir)/po/.intltool-merge-cache $(top_srcdir)/po $< $@'
INTLTOOL_MERGE='$(top_builddir)/intltool-merge'
INTLTOOL_MSGFMT='/usr/bin/msgfmt'
INTLTOOL_MSGMERGE='/usr/bin/msgmerge'
INTLTOOL_OAF_RULE='%.oaf:       %.oaf.in       $(INTLTOOL_MERGE) $(wildcard $(top_srcdir)/po/*.po) ; LC_ALL=C $(INTLTOOL_MERGE) -o -p $(top_srcdir)/po $< $@'
INTLTOOL_PERL='/scratchbox/tools/bin/perl'
INTLTOOL_PONG_RULE='%.pong:      %.pong.in      $(INTLTOOL_MERGE) $(wildcard $(top_srcdir)/po/*.po) ; LC_ALL=C $(INTLTOOL_MERGE) -x -u -c $(top_builddir)/po/.intltool-merge-cache $(top_srcdir)/po $< $@'
INTLTOOL_PROP_RULE='%.prop:      %.prop.in      $(INTLTOOL_MERGE) $(wildcard $(top_srcdir)/po/*.po) ; LC_ALL=C $(INTLTOOL_MERGE) -d -u -c $(top_builddir)/po/.intltool-merge-cache $(top_srcdir)/po $< $@'
INTLTOOL_SCHEMAS_RULE='%.schemas:   %.schemas.in   $(INTLTOOL_MERGE) $(wildcard $(top_srcdir)/po/*.po) ; LC_ALL=C $(INTLTOOL_MERGE) -s -u -c $(top_builddir)/po/.intltool-merge-cache $(top_srcdir)/po $< $@'
INTLTOOL_SERVER_RULE='%.server:    %.server.in    $(INTLTOOL_MERGE) $(wildcard $(top_srcdir)/po/*.po) ; LC_ALL=C $(INTLTOOL_MERGE) -o -u -c $(top_builddir)/po/.intltool-merge-cache $(top_srcdir)/po $< $@'
INTLTOOL_SERVICE_RULE='%.service: %.service.in   $(INTLTOOL_MERGE) $(wildcard $(top_srcdir)/po/*.po) ; LC_ALL=C $(INTLTOOL_MERGE) -d -u -c $(top_builddir)/po/.intltool-merge-cache $(top_srcdir)/po $< $@'
INTLTOOL_SHEET_RULE='%.sheet:     %.sheet.in     $(INTLTOOL_MERGE) $(wildcard $(top_srcdir)/po/*.po) ; LC_ALL=C $(INTLTOOL_MERGE) -x -u -c $(top_builddir)/po/.intltool-merge-cache $(top_srcdir)/po $< $@'
INTLTOOL_SOUNDLIST_RULE='%.soundlist: %.soundlist.in $(INTLTOOL_MERGE) $(wildcard $(top_srcdir)/po/*.po) ; LC_ALL=C $(INTLTOOL_MERGE) -d -u -c $(top_builddir)/po/.intltool-merge-cache $(top_srcdir)/po $< $@'
INTLTOOL_THEME_RULE='%.theme:     %.theme.in     $(INTLTOOL_MERGE) $(wildcard $(top_srcdir)/po/*.po) ; LC_ALL=C $(INTLTOOL_MERGE) -d -u -c $(top_builddir)/po/.intltool-merge-cache $(top_srcdir)/po $< $@'
INTLTOOL_UI_RULE='%.ui:        %.ui.in        $(INTLTOOL_MERGE) $(wildcard $(top_srcdir)/po/*.po) ; LC_ALL=C $(INTLTOOL_MERGE) -x -u -c $(top_builddir)/po/.intltool-merge-cache $(top_srcdir)/po $< $@'
INTLTOOL_UPDATE='$(top_builddir)/intltool-update'
INTLTOOL_XAM_RULE='%.xam:       %.xml.in       $(INTLTOOL_MERGE) $(wildcard $(top_srcdir)/po/*.po) ; LC_ALL=C $(INTLTOOL_MERGE) -x -u -c $(top_builddir)/po/.intltool-merge-cache $(top_srcdir)/po $< $@'
INTLTOOL_XGETTEXT='/usr/bin/xgettext'
INTLTOOL_XML_NOMERGE_RULE='%.xml:       %.xml.in       $(INTLTOOL_MERGE) ; LC_ALL=C $(INTLTOOL_MERGE) -x -u /tmp $< $@'
INTLTOOL_XML_RULE='%.xml:       %.xml.in       $(INTLTOOL_MERGE) $(wildcard $(top_srcdir)/po/*.po) ; LC_ALL=C $(INTLTOOL_MERGE) -x -u -c $(top_builddir)/po/.intltool-merge-cache $(top_srcdir)/po $< $@'
LDFLAGS=''
LIBOBJS=''
LIBS=''
LTLIBOBJS=''
MAINT='#'
MAINTAINER_MODE_FALSE=''
MAINTAINER_MODE_TRUE='#'
MAKEINFO='${SHELL} /home/qwazix/cordia/gnome-mime-data-2.18.0/missing --run makeinfo'
MKINSTALLDIRS='./mkinstalldirs'
MSGFMT='/usr/bin/msgfmt'
OBJEXT='o'
PACKAGE='gnome-mime-data'
PACKAGE_BUGREPORT='http://bugzilla.gnome.org/enter_bug.cgi?product=gnome-mime-data'
PACKAGE_NAME='gnome-mime-data'
PACKAGE_STRING='gnome-mime-data 2.18.0'
PACKAGE_TARNAME='gnome-mime-data'
PACKAGE_VERSION='2.18.0'
PATH_SEPARATOR=':'
POFILES=' af.po am.po ar.po az.po be.po bg.po bn.po bs.po ca.po cs.po cy.po da.po de.po el.po en_CA.po en_GB.po eo.po es.po et.po eu.po fa.po fi.po fr.po ga.po gl.po gu.po he.po hi.po hr.po hu.po id.po is.po it.po ja.po ko.po li.po lt.po lv.po mk.po ml.po mn.po ms.po nb.po ne.po nl.po nn.po nso.po pa.po pl.po pt.po pt_BR.po ro.po ru.po rw.po sk.po sl.po sq.po sr.po sr@ije.po sr@Latn.po sv.po ta.po th.po tk.po tr.po uk.po vi.po wa.po xh.po yi.po zh_CN.po zh_TW.po zu.po'
POSUB='po'
PO_IN_DATADIR_FALSE=''
PO_IN_DATADIR_TRUE=''
SET_MAKE=''
SHELL='/bin/sh'
STRIP=''
USE_NLS='yes'
VERSION='2.18.0'
XGETTEXT='/usr/bin/xgettext'
ac_ct_CC='gcc'
am__fastdepCC_FALSE=''
am__fastdepCC_TRUE='#'
am__include='include'
am__isrc=''
am__leading_dot='.'
am__quote=''
am__tar='${AMTAR} chof - "$$tardir"'
am__untar='${AMTAR} xf -'
bindir='${exec_prefix}/bin'
build='arm-unknown-linux-gnu'
build_alias=''
build_cpu='arm'
build_os='linux-gnu'
build_vendor='unknown'
datadir='${datarootdir}'
datarootdir='${prefix}/share'
docdir='${datarootdir}/doc/${PACKAGE_TARNAME}'
dvidir='${docdir}'
exec_prefix='${prefix}'
host='arm-unknown-linux-gnu'
host_alias=''
host_cpu='arm'
host_os='linux-gnu'
host_vendor='unknown'
htmldir='${docdir}'
includedir='${prefix}/include'
infodir='${datarootdir}/info'
install_sh='$(SHELL) /home/qwazix/cordia/gnome-mime-data-2.18.0/install-sh'
libdir='${exec_prefix}/lib'
libexecdir='${exec_prefix}/libexec'
localedir='${datarootdir}/locale'
localstatedir='${prefix}/var'
mandir='${datarootdir}/man'
mkdir_p='/scratchbox/tools/bin/mkdir -p'
oldincludedir='/usr/include'
pdfdir='${docdir}'
prefix='/usr/local'
program_transform_name='s,x,x,'
psdir='${docdir}'
sbindir='${exec_prefix}/sbin'
sharedstatedir='${prefix}/com'
sysconfdir='${prefix}/etc'
target_alias=''

## ----------- ##
## confdefs.h. ##
## ----------- ##

#define PACKAGE_NAME "gnome-mime-data"
#define PACKAGE_TARNAME "gnome-mime-data"
#define PACKAGE_VERSION "2.18.0"
#define PACKAGE_STRING "gnome-mime-data 2.18.0"
#define PACKAGE_BUGREPORT "http://bugzilla.gnome.org/enter_bug.cgi?product=gnome-mime-data"
#define PACKAGE "gnome-mime-data"
#define VERSION "2.18.0"
#define STDC_HEADERS 1
#define HAVE_SYS_TYPES_H 1
#define HAVE_SYS_STAT_H 1
#define HAVE_STDLIB_H 1
#define HAVE_STRING_H 1
#define HAVE_MEMORY_H 1
#define HAVE_STRINGS_H 1
#define HAVE_INTTYPES_H 1
#define HAVE_STDINT_H 1
#define HAVE_UNISTD_H 1
#define HAVE_LOCALE_H 1
#define HAVE_LC_MESSAGES 1
#define HAVE_BIND_TEXTDOMAIN_CODESET 1
#define HAVE_GETTEXT 1
#define HAVE_DCGETTEXT 1
#define ENABLE_NLS 1

configure: exit 0
